<?xml version="1.0" encoding="UTF-8"?>
<testng-results skipped="0" failed="1" ignored="0" total="3" passed="2">
  <reporter-output>
  </reporter-output>
  <suite name="Suite" duration-ms="50430" started-at="2025-02-04T15:19:31Z" finished-at="2025-02-04T15:20:22Z">
    <groups>
    </groups>
    <test name="Test" duration-ms="50430" started-at="2025-02-04T15:19:31Z" finished-at="2025-02-04T15:20:22Z">
      <class name="com.pdea.PlaywrightAutomation.PlaywrightAutomation">
        <test-method status="PASS" signature="setup()[pri:0, instance:com.pdea.PlaywrightAutomation.PlaywrightAutomation@5a4aa2f2]" name="setup" is-config="true" duration-ms="17511" started-at="2025-02-04T15:19:31Z" finished-at="2025-02-04T15:19:49Z">
          <reporter-output>
          </reporter-output>
        </test-method> <!-- setup -->
        <test-method status="PASS" signature="test_scenario1()[pri:1, instance:com.pdea.PlaywrightAutomation.PlaywrightAutomation@5a4aa2f2]" name="test_scenario1" duration-ms="2653" started-at="2025-02-04T15:19:49Z" finished-at="2025-02-04T15:19:52Z">
          <reporter-output>
          </reporter-output>
        </test-method> <!-- test_scenario1 -->
        <test-method status="PASS" signature="quitDriver()[pri:0, instance:com.pdea.PlaywrightAutomation.PlaywrightAutomation@5a4aa2f2]" name="quitDriver" is-config="true" duration-ms="17" started-at="2025-02-04T15:19:52Z" finished-at="2025-02-04T15:19:52Z">
          <reporter-output>
          </reporter-output>
        </test-method> <!-- quitDriver -->
        <test-method status="PASS" signature="setup()[pri:0, instance:com.pdea.PlaywrightAutomation.PlaywrightAutomation@5a4aa2f2]" name="setup" is-config="true" duration-ms="7169" started-at="2025-02-04T15:19:52Z" finished-at="2025-02-04T15:19:59Z">
          <reporter-output>
          </reporter-output>
        </test-method> <!-- setup -->
        <test-method status="PASS" signature="test_scenario2()[pri:2, instance:com.pdea.PlaywrightAutomation.PlaywrightAutomation@5a4aa2f2]" name="test_scenario2" duration-ms="4806" started-at="2025-02-04T15:19:59Z" finished-at="2025-02-04T15:20:04Z">
          <reporter-output>
          </reporter-output>
        </test-method> <!-- test_scenario2 -->
        <test-method status="PASS" signature="quitDriver()[pri:0, instance:com.pdea.PlaywrightAutomation.PlaywrightAutomation@5a4aa2f2]" name="quitDriver" is-config="true" duration-ms="53" started-at="2025-02-04T15:20:04Z" finished-at="2025-02-04T15:20:04Z">
          <reporter-output>
          </reporter-output>
        </test-method> <!-- quitDriver -->
        <test-method status="PASS" signature="setup()[pri:0, instance:com.pdea.PlaywrightAutomation.PlaywrightAutomation@5a4aa2f2]" name="setup" is-config="true" duration-ms="10803" started-at="2025-02-04T15:20:04Z" finished-at="2025-02-04T15:20:14Z">
          <reporter-output>
          </reporter-output>
        </test-method> <!-- setup -->
        <test-method status="FAIL" signature="test_scenario3()[pri:3, instance:com.pdea.PlaywrightAutomation.PlaywrightAutomation@5a4aa2f2]" name="test_scenario3" duration-ms="7296" started-at="2025-02-04T15:20:14Z" finished-at="2025-02-04T15:20:22Z">
          <exception class="java.lang.AssertionError">
            <message>
              <![CDATA[The following asserts failed:
Error message not as expected expected [Please fill out this field.] but found [null]]]>
            </message>
            <full-stacktrace>
              <![CDATA[java.lang.AssertionError: The following asserts failed:
Error message not as expected expected [Please fill out this field.] but found [null]
at org.testng.asserts.SoftAssert.assertAll(SoftAssert.java:43)
at com.pdea.PlaywrightAutomation.PlaywrightAutomation.test_scenario3(PlaywrightAutomation.java:146)
at sun.reflect.NativeMethodAccessorImpl.invoke0(Native Method)
at sun.reflect.NativeMethodAccessorImpl.invoke(Unknown Source)
at sun.reflect.DelegatingMethodAccessorImpl.invoke(Unknown Source)
at java.lang.reflect.Method.invoke(Unknown Source)
at org.testng.internal.MethodInvocationHelper.invokeMethod(MethodInvocationHelper.java:124)
at org.testng.internal.Invoker.invokeMethod(Invoker.java:580)
at org.testng.internal.Invoker.invokeTestMethod(Invoker.java:716)
at org.testng.internal.Invoker.invokeTestMethods(Invoker.java:988)
at org.testng.internal.TestMethodWorker.invokeTestMethods(TestMethodWorker.java:125)
at org.testng.internal.TestMethodWorker.run(TestMethodWorker.java:109)
at java.util.concurrent.ThreadPoolExecutor.runWorker(Unknown Source)
at java.util.concurrent.ThreadPoolExecutor$Worker.run(Unknown Source)
at java.lang.Thread.run(Unknown Source)
]]>
            </full-stacktrace>
          </exception> <!-- java.lang.AssertionError -->
          <reporter-output>
          </reporter-output>
        </test-method> <!-- test_scenario3 -->
        <test-method status="PASS" signature="quitDriver()[pri:0, instance:com.pdea.PlaywrightAutomation.PlaywrightAutomation@5a4aa2f2]" name="quitDriver" is-config="true" duration-ms="33" started-at="2025-02-04T15:20:22Z" finished-at="2025-02-04T15:20:22Z">
          <reporter-output>
          </reporter-output>
        </test-method> <!-- quitDriver -->
      </class> <!-- com.pdea.PlaywrightAutomation.PlaywrightAutomation -->
    </test> <!-- Test -->
  </suite> <!-- Suite -->
</testng-results>
